  Formatter.cpp
  Project1.cpp
C:\Users\wades\source\repos\Project1\Project1\Formatter.cpp(14,20): warning C4018: '<': signed/unsigned mismatch
  UserInput.cpp
C:\Users\wades\source\repos\Project1\Project1\Project1.cpp(5,10): warning C4067: unexpected tokens following preprocessor directive - expected a newline
C:\Program Files (x86)\Microsoft Visual Studio\2019\Enterprise\VC\Tools\MSVC\14.23.28105\lib\x86\msvcprt.lib : warning LNK4003: invalid library format; library ignored
C:\Program Files (x86)\Microsoft Visual Studio\2019\Enterprise\VC\Tools\MSVC\14.23.28105\lib\x86\MSVCRT.lib : warning LNK4003: invalid library format; library ignored
C:\Program Files (x86)\Microsoft Visual Studio\2019\Enterprise\VC\Tools\MSVC\14.23.28105\lib\x86\OLDNAMES.lib : warning LNK4003: invalid library format; library ignored
Formatter.obj : error LNK2001: unresolved external symbol ___CxxFrameHandler3
Formatter.obj : error LNK2001: unresolved external symbol @__security_check_cookie@4
Formatter.obj : error LNK2001: unresolved external symbol ___std_exception_destroy
Formatter.obj : error LNK2001: unresolved external symbol "void * __cdecl operator new(unsigned int)" (??2@YAPAXI@Z)
Formatter.obj : error LNK2001: unresolved external symbol "void __cdecl std::_Xout_of_range(char const *)" (?_Xout_of_range@std@@YAXPBD@Z)
Formatter.obj : error LNK2001: unresolved external symbol "void __cdecl std::_Xlength_error(char const *)" (?_Xlength_error@std@@YAXPBD@Z)
Formatter.obj : error LNK2001: unresolved external symbol ___std_exception_copy
Formatter.obj : error LNK2001: unresolved external symbol "void __cdecl operator delete(void *,unsigned int)" (??3@YAXPAXI@Z)
Formatter.obj : error LNK2001: unresolved external symbol ___std_terminate
Formatter.obj : error LNK2001: unresolved external symbol "const type_info::`vftable'" (??_7type_info@@6B@)
Formatter.obj : error LNK2001: unresolved external symbol __imp___invalid_parameter_noinfo_noreturn
Project1.obj : error LNK2001: unresolved external symbol "__declspec(dllimport) class std::basic_ostream<char,struct std::char_traits<char> > std::cout" (__imp_?cout@std@@3V?$basic_ostream@DU?$char_traits@D@std@@@1@A)
Project1.obj : error LNK2001: unresolved external symbol "bool __cdecl std::uncaught_exception(void)" (?uncaught_exception@std@@YA_NXZ)
Project1.obj : error LNK2001: unresolved external symbol "void __stdcall `eh vector destructor iterator'(void *,unsigned int,unsigned int,void (__thiscall*)(void *))" (??_M@YGXPAXIIP6EX0@Z@Z)
Project1.obj : error LNK2001: unresolved external symbol "void __stdcall `eh vector constructor iterator'(void *,unsigned int,unsigned int,void (__thiscall*)(void *),void (__thiscall*)(void *))" (??_L@YGXPAXIIP6EX0@Z1@Z)
Project1.obj : error LNK2001: unresolved external symbol "__declspec(dllimport) public: class std::basic_ostream<char,struct std::char_traits<char> > * __thiscall std::basic_ios<char,struct std::char_traits<char> >::tie(void)const " (__imp_?tie@?$basic_ios@DU?$char_traits@D@std@@@std@@QBEPAV?$basic_ostream@DU?$char_traits@D@std@@@2@XZ)
Project1.obj : error LNK2001: unresolved external symbol "__declspec(dllimport) public: void __thiscall std::basic_ostream<char,struct std::char_traits<char> >::_Osfx(void)" (__imp_?_Osfx@?$basic_ostream@DU?$char_traits@D@std@@@std@@QAEXXZ)
Project1.obj : error LNK2001: unresolved external symbol "__declspec(dllimport) public: class std::basic_ostream<char,struct std::char_traits<char> > & __thiscall std::basic_ostream<char,struct std::char_traits<char> >::flush(void)" (__imp_?flush@?$basic_ostream@DU?$char_traits@D@std@@@std@@QAEAAV12@XZ)
Project1.obj : error LNK2001: unresolved external symbol "__declspec(dllimport) public: __int64 __thiscall std::basic_streambuf<char,struct std::char_traits<char> >::sputn(char const *,__int64)" (__imp_?sputn@?$basic_streambuf@DU?$char_traits@D@std@@@std@@QAE_JPBD_J@Z)
Project1.obj : error LNK2001: unresolved external symbol "__declspec(dllimport) public: void __thiscall std::basic_ios<char,struct std::char_traits<char> >::setstate(int,bool)" (__imp_?setstate@?$basic_ios@DU?$char_traits@D@std@@@std@@QAEXH_N@Z)
Project1.obj : error LNK2001: unresolved external symbol "__declspec(dllimport) public: class std::basic_streambuf<char,struct std::char_traits<char> > * __thiscall std::basic_ios<char,struct std::char_traits<char> >::rdbuf(void)const " (__imp_?rdbuf@?$basic_ios@DU?$char_traits@D@std@@@std@@QBEPAV?$basic_streambuf@DU?$char_traits@D@std@@@2@XZ)
Project1.obj : error LNK2001: unresolved external symbol "__declspec(dllimport) public: char __thiscall std::basic_ios<char,struct std::char_traits<char> >::fill(void)const " (__imp_?fill@?$basic_ios@DU?$char_traits@D@std@@@std@@QBEDXZ)
Project1.obj : error LNK2001: unresolved external symbol "__declspec(dllimport) public: int __thiscall std::basic_streambuf<char,struct std::char_traits<char> >::sputc(char)" (__imp_?sputc@?$basic_streambuf@DU?$char_traits@D@std@@@std@@QAEHD@Z)
Project1.obj : error LNK2001: unresolved external symbol "__declspec(dllimport) public: __int64 __thiscall std::ios_base::width(__int64)" (__imp_?width@ios_base@std@@QAE_J_J@Z)
Project1.obj : error LNK2001: unresolved external symbol "__declspec(dllimport) public: __int64 __thiscall std::ios_base::width(void)const " (__imp_?width@ios_base@std@@QBE_JXZ)
Project1.obj : error LNK2001: unresolved external symbol "__declspec(dllimport) public: int __thiscall std::ios_base::flags(void)const " (__imp_?flags@ios_base@std@@QBEHXZ)
Project1.obj : error LNK2001: unresolved external symbol "__declspec(dllimport) public: bool __thiscall std::ios_base::good(void)const " (__imp_?good@ios_base@std@@QBE_NXZ)
Project1.obj : error LNK2001: unresolved external symbol "__declspec(dllimport) public: int __thiscall std::ios_base::rdstate(void)const " (__imp_?rdstate@ios_base@std@@QBEHXZ)
UserInput.obj : error LNK2001: unresolved external symbol "__declspec(dllimport) public: char __thiscall std::basic_ios<char,struct std::char_traits<char> >::widen(char)const " (__imp_?widen@?$basic_ios@DU?$char_traits@D@std@@@std@@QBEDD@Z)
UserInput.obj : error LNK2001: unresolved external symbol "__declspec(dllimport) public: class std::basic_ostream<char,struct std::char_traits<char> > & __thiscall std::basic_ostream<char,struct std::char_traits<char> >::put(char)" (__imp_?put@?$basic_ostream@DU?$char_traits@D@std@@@std@@QAEAAV12@D@Z)
UserInput.obj : error LNK2001: unresolved external symbol "__declspec(dllimport) public: class std::basic_ostream<char,struct std::char_traits<char> > & __thiscall std::basic_ostream<char,struct std::char_traits<char> >::operator<<(class std::basic_ostream<char,struct std::char_traits<char> > & (__cdecl*)(class std::basic_ostream<char,struct std::char_traits<char> > &))" (__imp_??6?$basic_ostream@DU?$char_traits@D@std@@@std@@QAEAAV01@P6AAAV01@AAV01@@Z@Z)
LINK : error LNK2001: unresolved external symbol _mainCRTStartup
C:\Users\wades\source\repos\Project1\Release\Project1.exe : fatal error LNK1120: 32 unresolved externals
