  Formatter.cpp
  Project1.cpp
C:\Users\wades\source\repos\Project1\Project1\Formatter.cpp(14,20): warning C4018: '<': signed/unsigned mismatch
  UserInput.cpp
  Generating Code...
C:\Users\wades\source\repos\Project1\Project1\Project1.cpp(5,10): warning C4067: unexpected tokens following preprocessor directive - expected a newline
C:\Program Files (x86)\Microsoft Visual Studio\2019\Enterprise\VC\Tools\MSVC\14.23.28105\lib\x86\msvcprtd.lib : warning LNK4003: invalid library format; library ignored
C:\Program Files (x86)\Microsoft Visual Studio\2019\Enterprise\VC\Tools\MSVC\14.23.28105\lib\x86\MSVCRTD.lib : warning LNK4003: invalid library format; library ignored
C:\Program Files (x86)\Microsoft Visual Studio\2019\Enterprise\VC\Tools\MSVC\14.23.28105\lib\x86\OLDNAMES.lib : warning LNK4003: invalid library format; library ignored
Formatter.obj : error LNK2019: unresolved external symbol "void * __cdecl operator new(unsigned int)" (??2@YAPAXI@Z) referenced in function "public: static void * __cdecl std::_Default_allocate_traits::_Allocate(unsigned int)" (?_Allocate@_Default_allocate_traits@std@@SAPAXI@Z)
Project1.obj : error LNK2001: unresolved external symbol "void * __cdecl operator new(unsigned int)" (??2@YAPAXI@Z)
UserInput.obj : error LNK2001: unresolved external symbol "void * __cdecl operator new(unsigned int)" (??2@YAPAXI@Z)
Formatter.obj : error LNK2019: unresolved external symbol "void __cdecl operator delete(void *,unsigned int)" (??3@YAXPAXI@Z) referenced in function "void __cdecl std::_Deallocate<8,0>(void *,unsigned int)" (??$_Deallocate@$07$0A@@std@@YAXPAXI@Z)
Project1.obj : error LNK2001: unresolved external symbol "void __cdecl operator delete(void *,unsigned int)" (??3@YAXPAXI@Z)
UserInput.obj : error LNK2001: unresolved external symbol "void __cdecl operator delete(void *,unsigned int)" (??3@YAXPAXI@Z)
Formatter.obj : error LNK2019: unresolved external symbol __imp___invalid_parameter referenced in function "void * __cdecl std::_Allocate_manually_vector_aligned<struct std::_Default_allocate_traits>(unsigned int)" (??$_Allocate_manually_vector_aligned@U_Default_allocate_traits@std@@@std@@YAPAXI@Z)
Project1.obj : error LNK2001: unresolved external symbol __imp___invalid_parameter
UserInput.obj : error LNK2001: unresolved external symbol __imp___invalid_parameter
Formatter.obj : error LNK2019: unresolved external symbol __imp___CrtDbgReport referenced in function "void * __cdecl std::_Allocate_manually_vector_aligned<struct std::_Default_allocate_traits>(unsigned int)" (??$_Allocate_manually_vector_aligned@U_Default_allocate_traits@std@@@std@@YAPAXI@Z)
Project1.obj : error LNK2001: unresolved external symbol __imp___CrtDbgReport
UserInput.obj : error LNK2001: unresolved external symbol __imp___CrtDbgReport
Formatter.obj : error LNK2019: unresolved external symbol "__declspec(dllimport) public: __thiscall std::_Lockit::_Lockit(int)" (__imp_??0_Lockit@std@@QAE@H@Z) referenced in function "public: void __thiscall std::_Container_base12::_Orphan_all(void)" (?_Orphan_all@_Container_base12@std@@QAEXXZ)
Project1.obj : error LNK2001: unresolved external symbol "__declspec(dllimport) public: __thiscall std::_Lockit::_Lockit(int)" (__imp_??0_Lockit@std@@QAE@H@Z)
UserInput.obj : error LNK2001: unresolved external symbol "__declspec(dllimport) public: __thiscall std::_Lockit::_Lockit(int)" (__imp_??0_Lockit@std@@QAE@H@Z)
Formatter.obj : error LNK2019: unresolved external symbol "__declspec(dllimport) public: __thiscall std::_Lockit::~_Lockit(void)" (__imp_??1_Lockit@std@@QAE@XZ) referenced in function "public: void __thiscall std::_Container_base12::_Orphan_all(void)" (?_Orphan_all@_Container_base12@std@@QAEXXZ)
Project1.obj : error LNK2001: unresolved external symbol "__declspec(dllimport) public: __thiscall std::_Lockit::~_Lockit(void)" (__imp_??1_Lockit@std@@QAE@XZ)
UserInput.obj : error LNK2001: unresolved external symbol "__declspec(dllimport) public: __thiscall std::_Lockit::~_Lockit(void)" (__imp_??1_Lockit@std@@QAE@XZ)
Formatter.obj : error LNK2019: unresolved external symbol _memcpy referenced in function "private: void __thiscall std::basic_string<char,struct std::char_traits<char>,class std::allocator<char> >::_Memcpy_val_from(class std::basic_string<char,struct std::char_traits<char>,class std::allocator<char> > const &)" (?_Memcpy_val_from@?$basic_string@DU?$char_traits@D@std@@V?$allocator@D@2@@std@@AAEXABV12@@Z)
Project1.obj : error LNK2001: unresolved external symbol _memcpy
UserInput.obj : error LNK2001: unresolved external symbol _memcpy
Formatter.obj : error LNK2019: unresolved external symbol _memmove referenced in function "public: static char * __cdecl std::_Narrow_char_traits<char,int>::move(char * const,char const * const,unsigned int)" (?move@?$_Narrow_char_traits@DH@std@@SAPADQADQBDI@Z)
Project1.obj : error LNK2001: unresolved external symbol _memmove
UserInput.obj : error LNK2001: unresolved external symbol _memmove
Formatter.obj : error LNK2019: unresolved external symbol _strlen referenced in function "public: static unsigned int __cdecl std::_Narrow_char_traits<char,int>::length(char const * const)" (?length@?$_Narrow_char_traits@DH@std@@SAIQBD@Z)
Project1.obj : error LNK2001: unresolved external symbol _strlen
UserInput.obj : error LNK2001: unresolved external symbol _strlen
Formatter.obj : error LNK2019: unresolved external symbol ___std_exception_copy referenced in function "public: __thiscall std::exception::exception(class std::exception const &)" (??0exception@std@@QAE@ABV01@@Z)
Project1.obj : error LNK2001: unresolved external symbol ___std_exception_copy
UserInput.obj : error LNK2001: unresolved external symbol ___std_exception_copy
Formatter.obj : error LNK2019: unresolved external symbol ___std_exception_destroy referenced in function "public: virtual __thiscall std::exception::~exception(void)" (??1exception@std@@UAE@XZ)
Project1.obj : error LNK2001: unresolved external symbol ___std_exception_destroy
UserInput.obj : error LNK2001: unresolved external symbol ___std_exception_destroy
Formatter.obj : error LNK2019: unresolved external symbol "void __cdecl std::_Xlength_error(char const *)" (?_Xlength_error@std@@YAXPBD@Z) referenced in function "private: static void __cdecl std::basic_string<char,struct std::char_traits<char>,class std::allocator<char> >::_Xlen(void)" (?_Xlen@?$basic_string@DU?$char_traits@D@std@@V?$allocator@D@2@@std@@CAXXZ)
Project1.obj : error LNK2001: unresolved external symbol "void __cdecl std::_Xlength_error(char const *)" (?_Xlength_error@std@@YAXPBD@Z)
UserInput.obj : error LNK2001: unresolved external symbol "void __cdecl std::_Xlength_error(char const *)" (?_Xlength_error@std@@YAXPBD@Z)
Formatter.obj : error LNK2019: unresolved external symbol "void __cdecl std::_Xout_of_range(char const *)" (?_Xout_of_range@std@@YAXPBD@Z) referenced in function "public: static void __cdecl std::_String_val<struct std::_Simple_types<char> >::_Xran(void)" (?_Xran@?$_String_val@U?$_Simple_types@D@std@@@std@@SAXXZ)
Formatter.obj : error LNK2019: unresolved external symbol @_RTC_CheckStackVars@8 referenced in function "public: __thiscall std::basic_string<char,struct std::char_traits<char>,class std::allocator<char> >::basic_string<char,struct std::char_traits<char>,class std::allocator<char> ><char *,void>(char *,char *,class std::allocator<char> const &)" (??$?0PADX@?$basic_string@DU?$char_traits@D@std@@V?$allocator@D@2@@std@@QAE@PAD0ABV?$allocator@D@1@@Z)
Project1.obj : error LNK2001: unresolved external symbol @_RTC_CheckStackVars@8
UserInput.obj : error LNK2001: unresolved external symbol @_RTC_CheckStackVars@8
Formatter.obj : error LNK2019: unresolved external symbol @__security_check_cookie@4 referenced in function __ehhandler$??$?0D@?$allocator@U_Container_proxy@std@@@std@@QAE@ABV?$allocator@D@1@@Z
Project1.obj : error LNK2001: unresolved external symbol @__security_check_cookie@4
UserInput.obj : error LNK2001: unresolved external symbol @__security_check_cookie@4
Formatter.obj : error LNK2019: unresolved external symbol __CxxThrowException@8 referenced in function "void __cdecl std::_Throw_bad_array_new_length(void)" (?_Throw_bad_array_new_length@std@@YAXXZ)
Project1.obj : error LNK2001: unresolved external symbol __CxxThrowException@8
UserInput.obj : error LNK2001: unresolved external symbol __CxxThrowException@8
Formatter.obj : error LNK2019: unresolved external symbol __RTC_CheckEsp referenced in function "public: __thiscall std::_Compressed_pair<class std::allocator<char>,class std::_String_val<struct std::_Simple_types<char> >,1>::_Compressed_pair<class std::allocator<char>,class std::_String_val<struct std::_Simple_types<char> >,1><>(struct std::_Zero_then_variadic_args_t)" (??$?0$$V@?$_Compressed_pair@V?$allocator@D@std@@V?$_String_val@U?$_Simple_types@D@std@@@2@$00@std@@QAE@U_Zero_then_variadic_args_t@1@@Z)
Project1.obj : error LNK2001: unresolved external symbol __RTC_CheckEsp
UserInput.obj : error LNK2001: unresolved external symbol __RTC_CheckEsp
Formatter.obj : error LNK2001: unresolved external symbol __RTC_InitBase
Project1.obj : error LNK2001: unresolved external symbol __RTC_InitBase
UserInput.obj : error LNK2001: unresolved external symbol __RTC_InitBase
Formatter.obj : error LNK2001: unresolved external symbol __RTC_Shutdown
Project1.obj : error LNK2001: unresolved external symbol __RTC_Shutdown
UserInput.obj : error LNK2001: unresolved external symbol __RTC_Shutdown
Formatter.obj : error LNK2019: unresolved external symbol ___CxxFrameHandler3 referenced in function __ehhandler$??$?0D@?$allocator@U_Container_proxy@std@@@std@@QAE@ABV?$allocator@D@1@@Z
Project1.obj : error LNK2001: unresolved external symbol ___CxxFrameHandler3
UserInput.obj : error LNK2001: unresolved external symbol ___CxxFrameHandler3
Formatter.obj : error LNK2001: unresolved external symbol "const type_info::`vftable'" (??_7type_info@@6B@)
Project1.obj : error LNK2001: unresolved external symbol "const type_info::`vftable'" (??_7type_info@@6B@)
UserInput.obj : error LNK2001: unresolved external symbol "const type_info::`vftable'" (??_7type_info@@6B@)
Formatter.obj : error LNK2019: unresolved external symbol ___security_cookie referenced in function "public: __thiscall std::allocator<struct std::_Container_proxy>::allocator<struct std::_Container_proxy><char>(class std::allocator<char> const &)" (??$?0D@?$allocator@U_Container_proxy@std@@@std@@QAE@ABV?$allocator@D@1@@Z)
Project1.obj : error LNK2001: unresolved external symbol ___security_cookie
UserInput.obj : error LNK2001: unresolved external symbol ___security_cookie
Project1.obj : error LNK2019: unresolved external symbol "void __stdcall `eh vector constructor iterator'(void *,unsigned int,unsigned int,void (__thiscall*)(void *),void (__thiscall*)(void *))" (??_L@YGXPAXIIP6EX0@Z1@Z) referenced in function _main
Project1.obj : error LNK2019: unresolved external symbol "void __stdcall `eh vector destructor iterator'(void *,unsigned int,unsigned int,void (__thiscall*)(void *))" (??_M@YGXPAXIIP6EX0@Z@Z) referenced in function _main
Project1.obj : error LNK2019: unresolved external symbol "bool __cdecl std::uncaught_exception(void)" (?uncaught_exception@std@@YA_NXZ) referenced in function "public: __thiscall std::basic_ostream<char,struct std::char_traits<char> >::sentry::~sentry(void)" (??1sentry@?$basic_ostream@DU?$char_traits@D@std@@@std@@QAE@XZ)
UserInput.obj : error LNK2001: unresolved external symbol "bool __cdecl std::uncaught_exception(void)" (?uncaught_exception@std@@YA_NXZ)
Project1.obj : error LNK2019: unresolved external symbol "__declspec(dllimport) public: bool __thiscall std::ios_base::good(void)const " (__imp_?good@ios_base@std@@QBE_NXZ) referenced in function "public: __thiscall std::basic_ostream<char,struct std::char_traits<char> >::sentry::sentry(class std::basic_ostream<char,struct std::char_traits<char> > &)" (??0sentry@?$basic_ostream@DU?$char_traits@D@std@@@std@@QAE@AAV12@@Z)
UserInput.obj : error LNK2001: unresolved external symbol "__declspec(dllimport) public: bool __thiscall std::ios_base::good(void)const " (__imp_?good@ios_base@std@@QBE_NXZ)
Project1.obj : error LNK2019: unresolved external symbol "__declspec(dllimport) public: int __thiscall std::ios_base::flags(void)const " (__imp_?flags@ios_base@std@@QBEHXZ) referenced in function "class std::basic_ostream<char,struct std::char_traits<char> > & __cdecl std::operator<<<struct std::char_traits<char> >(class std::basic_ostream<char,struct std::char_traits<char> > &,char const *)" (??$?6U?$char_traits@D@std@@@std@@YAAAV?$basic_ostream@DU?$char_traits@D@std@@@0@AAV10@PBD@Z)
UserInput.obj : error LNK2001: unresolved external symbol "__declspec(dllimport) public: int __thiscall std::ios_base::flags(void)const " (__imp_?flags@ios_base@std@@QBEHXZ)
Project1.obj : error LNK2019: unresolved external symbol "__declspec(dllimport) public: __int64 __thiscall std::ios_base::width(void)const " (__imp_?width@ios_base@std@@QBE_JXZ) referenced in function "class std::basic_ostream<char,struct std::char_traits<char> > & __cdecl std::operator<<<struct std::char_traits<char> >(class std::basic_ostream<char,struct std::char_traits<char> > &,char const *)" (??$?6U?$char_traits@D@std@@@std@@YAAAV?$basic_ostream@DU?$char_traits@D@std@@@0@AAV10@PBD@Z)
UserInput.obj : error LNK2001: unresolved external symbol "__declspec(dllimport) public: __int64 __thiscall std::ios_base::width(void)const " (__imp_?width@ios_base@std@@QBE_JXZ)
Project1.obj : error LNK2019: unresolved external symbol "__declspec(dllimport) public: __int64 __thiscall std::ios_base::width(__int64)" (__imp_?width@ios_base@std@@QAE_J_J@Z) referenced in function "class std::basic_ostream<char,struct std::char_traits<char> > & __cdecl std::operator<<<struct std::char_traits<char> >(class std::basic_ostream<char,struct std::char_traits<char> > &,char const *)" (??$?6U?$char_traits@D@std@@@std@@YAAAV?$basic_ostream@DU?$char_traits@D@std@@@0@AAV10@PBD@Z)
UserInput.obj : error LNK2001: unresolved external symbol "__declspec(dllimport) public: __int64 __thiscall std::ios_base::width(__int64)" (__imp_?width@ios_base@std@@QAE_J_J@Z)
Project1.obj : error LNK2019: unresolved external symbol "__declspec(dllimport) public: int __thiscall std::basic_streambuf<char,struct std::char_traits<char> >::sputc(char)" (__imp_?sputc@?$basic_streambuf@DU?$char_traits@D@std@@@std@@QAEHD@Z) referenced in function "class std::basic_ostream<char,struct std::char_traits<char> > & __cdecl std::operator<<<struct std::char_traits<char> >(class std::basic_ostream<char,struct std::char_traits<char> > &,char const *)" (??$?6U?$char_traits@D@std@@@std@@YAAAV?$basic_ostream@DU?$char_traits@D@std@@@0@AAV10@PBD@Z)
UserInput.obj : error LNK2001: unresolved external symbol "__declspec(dllimport) public: int __thiscall std::basic_streambuf<char,struct std::char_traits<char> >::sputc(char)" (__imp_?sputc@?$basic_streambuf@DU?$char_traits@D@std@@@std@@QAEHD@Z)
Project1.obj : error LNK2019: unresolved external symbol "__declspec(dllimport) public: __int64 __thiscall std::basic_streambuf<char,struct std::char_traits<char> >::sputn(char const *,__int64)" (__imp_?sputn@?$basic_streambuf@DU?$char_traits@D@std@@@std@@QAE_JPBD_J@Z) referenced in function "class std::basic_ostream<char,struct std::char_traits<char> > & __cdecl std::operator<<<struct std::char_traits<char> >(class std::basic_ostream<char,struct std::char_traits<char> > &,char const *)" (??$?6U?$char_traits@D@std@@@std@@YAAAV?$basic_ostream@DU?$char_traits@D@std@@@0@AAV10@PBD@Z)
UserInput.obj : error LNK2001: unresolved external symbol "__declspec(dllimport) public: __int64 __thiscall std::basic_streambuf<char,struct std::char_traits<char> >::sputn(char const *,__int64)" (__imp_?sputn@?$basic_streambuf@DU?$char_traits@D@std@@@std@@QAE_JPBD_J@Z)
Project1.obj : error LNK2019: unresolved external symbol "__declspec(dllimport) public: void __thiscall std::basic_ios<char,struct std::char_traits<char> >::setstate(int,bool)" (__imp_?setstate@?$basic_ios@DU?$char_traits@D@std@@@std@@QAEXH_N@Z) referenced in function __catch$??$?6U?$char_traits@D@std@@@std@@YAAAV?$basic_ostream@DU?$char_traits@D@std@@@0@AAV10@PBD@Z$0
UserInput.obj : error LNK2001: unresolved external symbol "__declspec(dllimport) public: void __thiscall std::basic_ios<char,struct std::char_traits<char> >::setstate(int,bool)" (__imp_?setstate@?$basic_ios@DU?$char_traits@D@std@@@std@@QAEXH_N@Z)
Project1.obj : error LNK2019: unresolved external symbol "__declspec(dllimport) public: class std::basic_ostream<char,struct std::char_traits<char> > * __thiscall std::basic_ios<char,struct std::char_traits<char> >::tie(void)const " (__imp_?tie@?$basic_ios@DU?$char_traits@D@std@@@std@@QBEPAV?$basic_ostream@DU?$char_traits@D@std@@@2@XZ) referenced in function "public: __thiscall std::basic_ostream<char,struct std::char_traits<char> >::sentry::sentry(class std::basic_ostream<char,struct std::char_traits<char> > &)" (??0sentry@?$basic_ostream@DU?$char_traits@D@std@@@std@@QAE@AAV12@@Z)
UserInput.obj : error LNK2001: unresolved external symbol "__declspec(dllimport) public: class std::basic_ostream<char,struct std::char_traits<char> > * __thiscall std::basic_ios<char,struct std::char_traits<char> >::tie(void)const " (__imp_?tie@?$basic_ios@DU?$char_traits@D@std@@@std@@QBEPAV?$basic_ostream@DU?$char_traits@D@std@@@2@XZ)
Project1.obj : error LNK2019: unresolved external symbol "__declspec(dllimport) public: class std::basic_streambuf<char,struct std::char_traits<char> > * __thiscall std::basic_ios<char,struct std::char_traits<char> >::rdbuf(void)const " (__imp_?rdbuf@?$basic_ios@DU?$char_traits@D@std@@@std@@QBEPAV?$basic_streambuf@DU?$char_traits@D@std@@@2@XZ) referenced in function "class std::basic_ostream<char,struct std::char_traits<char> > & __cdecl std::operator<<<struct std::char_traits<char> >(class std::basic_ostream<char,struct std::char_traits<char> > &,char const *)" (??$?6U?$char_traits@D@std@@@std@@YAAAV?$basic_ostream@DU?$char_traits@D@std@@@0@AAV10@PBD@Z)
UserInput.obj : error LNK2001: unresolved external symbol "__declspec(dllimport) public: class std::basic_streambuf<char,struct std::char_traits<char> > * __thiscall std::basic_ios<char,struct std::char_traits<char> >::rdbuf(void)const " (__imp_?rdbuf@?$basic_ios@DU?$char_traits@D@std@@@std@@QBEPAV?$basic_streambuf@DU?$char_traits@D@std@@@2@XZ)
Project1.obj : error LNK2019: unresolved external symbol "__declspec(dllimport) public: char __thiscall std::basic_ios<char,struct std::char_traits<char> >::fill(void)const " (__imp_?fill@?$basic_ios@DU?$char_traits@D@std@@@std@@QBEDXZ) referenced in function "class std::basic_ostream<char,struct std::char_traits<char> > & __cdecl std::operator<<<struct std::char_traits<char> >(class std::basic_ostream<char,struct std::char_traits<char> > &,char const *)" (??$?6U?$char_traits@D@std@@@std@@YAAAV?$basic_ostream@DU?$char_traits@D@std@@@0@AAV10@PBD@Z)
UserInput.obj : error LNK2001: unresolved external symbol "__declspec(dllimport) public: char __thiscall std::basic_ios<char,struct std::char_traits<char> >::fill(void)const " (__imp_?fill@?$basic_ios@DU?$char_traits@D@std@@@std@@QBEDXZ)
Project1.obj : error LNK2019: unresolved external symbol "__declspec(dllimport) public: void __thiscall std::basic_ostream<char,struct std::char_traits<char> >::_Osfx(void)" (__imp_?_Osfx@?$basic_ostream@DU?$char_traits@D@std@@@std@@QAEXXZ) referenced in function "public: __thiscall std::basic_ostream<char,struct std::char_traits<char> >::sentry::~sentry(void)" (??1sentry@?$basic_ostream@DU?$char_traits@D@std@@@std@@QAE@XZ)
UserInput.obj : error LNK2001: unresolved external symbol "__declspec(dllimport) public: void __thiscall std::basic_ostream<char,struct std::char_traits<char> >::_Osfx(void)" (__imp_?_Osfx@?$basic_ostream@DU?$char_traits@D@std@@@std@@QAEXXZ)
Project1.obj : error LNK2019: unresolved external symbol "__declspec(dllimport) public: class std::basic_ostream<char,struct std::char_traits<char> > & __thiscall std::basic_ostream<char,struct std::char_traits<char> >::flush(void)" (__imp_?flush@?$basic_ostream@DU?$char_traits@D@std@@@std@@QAEAAV12@XZ) referenced in function "public: __thiscall std::basic_ostream<char,struct std::char_traits<char> >::sentry::sentry(class std::basic_ostream<char,struct std::char_traits<char> > &)" (??0sentry@?$basic_ostream@DU?$char_traits@D@std@@@std@@QAE@AAV12@@Z)
UserInput.obj : error LNK2001: unresolved external symbol "__declspec(dllimport) public: class std::basic_ostream<char,struct std::char_traits<char> > & __thiscall std::basic_ostream<char,struct std::char_traits<char> >::flush(void)" (__imp_?flush@?$basic_ostream@DU?$char_traits@D@std@@@std@@QAEAAV12@XZ)
Project1.obj : error LNK2001: unresolved external symbol "__declspec(dllimport) class std::basic_ostream<char,struct std::char_traits<char> > std::cout" (__imp_?cout@std@@3V?$basic_ostream@DU?$char_traits@D@std@@@1@A)
UserInput.obj : error LNK2001: unresolved external symbol "__declspec(dllimport) class std::basic_ostream<char,struct std::char_traits<char> > std::cout" (__imp_?cout@std@@3V?$basic_ostream@DU?$char_traits@D@std@@@1@A)
UserInput.obj : error LNK2019: unresolved external symbol "__declspec(dllimport) public: char __thiscall std::basic_ios<char,struct std::char_traits<char> >::widen(char)const " (__imp_?widen@?$basic_ios@DU?$char_traits@D@std@@@std@@QBEDD@Z) referenced in function "class std::basic_ostream<char,struct std::char_traits<char> > & __cdecl std::endl<char,struct std::char_traits<char> >(class std::basic_ostream<char,struct std::char_traits<char> > &)" (??$endl@DU?$char_traits@D@std@@@std@@YAAAV?$basic_ostream@DU?$char_traits@D@std@@@0@AAV10@@Z)
UserInput.obj : error LNK2019: unresolved external symbol "__declspec(dllimport) public: class std::basic_ostream<char,struct std::char_traits<char> > & __thiscall std::basic_ostream<char,struct std::char_traits<char> >::operator<<(class std::basic_ostream<char,struct std::char_traits<char> > & (__cdecl*)(class std::basic_ostream<char,struct std::char_traits<char> > &))" (__imp_??6?$basic_ostream@DU?$char_traits@D@std@@@std@@QAEAAV01@P6AAAV01@AAV01@@Z@Z) referenced in function "void __cdecl printMenu(class std::basic_string<char,struct std::char_traits<char>,class std::allocator<char> > * const,unsigned char)" (?printMenu@@YAXQAV?$basic_string@DU?$char_traits@D@std@@V?$allocator@D@2@@std@@E@Z)
UserInput.obj : error LNK2019: unresolved external symbol "__declspec(dllimport) public: class std::basic_ostream<char,struct std::char_traits<char> > & __thiscall std::basic_ostream<char,struct std::char_traits<char> >::put(char)" (__imp_?put@?$basic_ostream@DU?$char_traits@D@std@@@std@@QAEAAV12@D@Z) referenced in function "class std::basic_ostream<char,struct std::char_traits<char> > & __cdecl std::endl<char,struct std::char_traits<char> >(class std::basic_ostream<char,struct std::char_traits<char> > &)" (??$endl@DU?$char_traits@D@std@@@std@@YAAAV?$basic_ostream@DU?$char_traits@D@std@@@0@AAV10@@Z)
LINK : error LNK2001: unresolved external symbol _mainCRTStartup
C:\Users\wades\source\repos\Project1\Debug\Project1.exe : fatal error LNK1120: 42 unresolved externals
